ERROR:routes:Not Found: 404 Not Found: The requested URL was not found on the server. If you entered the URL manually please check your spelling and try again.
ERROR:routes:Invalid input for login: username=shehab<>
ERROR:routes:Rate limit exceeded: <flask_limiter.wrappers.RequestLimit object at 0x00000227DCA1B390>
ERROR:routes:Rate limit exceeded: <flask_limiter.wrappers.RequestLimit object at 0x00000227DCDCC6D0>
ERROR:routes:Not Found: 404 Not Found: The requested URL was not found on the server. If you entered the URL manually please check your spelling and try again.
ERROR:routes:CSRF token missing or incorrect!
ERROR:routes:CSRF token missing or incorrect!
ERROR:routes:CSRF token missing or incorrect!
WARNING:routes:Suspicious activity detected: Failed login attempt - username=adm
ERROR:routes:CSRF token missing or incorrect!
ERROR:routes:Not Found: 404 Not Found: The requested URL was not found on the server. If you entered the URL manually please check your spelling and try again.
ERROR:routes:Not Found: 404 Not Found: The requested URL was not found on the server. If you entered the URL manually please check your spelling and try again.
ERROR:routes:Invalid input for registration: username=omar, email=omark@gmail.com
WARNING:routes:Suspicious activity detected: Invalid registration input - username=omar, email=omark@gmail.com
ERROR:routes:CSRF token missing or incorrect!
ERROR:routes:Not Found: 404 Not Found: The requested URL was not found on the server. If you entered the URL manually please check your spelling and try again.
ERROR:routes:Invalid input for registration: username=omar, email=omark@gmail.com
WARNING:routes:Suspicious activity detected: Invalid registration input - username=omar, email=omark@gmail.com
ERROR:routes:CSRF token missing or incorrect!
ERROR:routes:Not Found: 404 Not Found: The requested URL was not found on the server. If you entered the URL manually please check your spelling and try again.
ERROR:routes:Not Found: 404 Not Found: The requested URL was not found on the server. If you entered the URL manually please check your spelling and try again.
ERROR:routes:Not Found: 404 Not Found: The requested URL was not found on the server. If you entered the URL manually please check your spelling and try again.
ERROR:routes:User already exists: username=omar
WARNING:routes:Suspicious activity detected: Duplicate registration attempt - username=omar
ERROR:routes:Invalid input for registration: username=omar1, email=omark@gmail.com
WARNING:routes:Suspicious activity detected: Invalid registration input - username=omar1, email=omark@gmail.com
ERROR:routes:Not Found: 404 Not Found: The requested URL was not found on the server. If you entered the URL manually please check your spelling and try again.
ERROR:routes:CSRF token missing or incorrect!
ERROR:routes:CSRF token missing or incorrect!
ERROR:routes:Not Found: 404 Not Found: The requested URL was not found on the server. If you entered the URL manually please check your spelling and try again.
ERROR:routes:CSRF token missing or incorrect!
ERROR:routes:CSRF token missing or incorrect!
